<?xml version="1.0" encoding="UTF-8"?>
<!-- Generated by org.testng.reporters.JUnitReportReporter -->
<testsuite hostname="NO-002-QA" failures="0" tests="1" name="com.crm.qa.testcases.MyNetworkPageFreeTest" time="185.662" errors="0" timestamp="2024-08-20T18:44:22 IST" skipped="0">
  <testcase classname="com.crm.qa.testcases.MyNetworkPageFreeTest" name="myNetworkPageFreeTest" time="185.662"/>
  <system-out/>
</testsuite> <!-- com.crm.qa.testcases.MyNetworkPageFreeTest -->
