<?xml version="1.0" encoding="UTF-8"?>
<!-- Generated by org.testng.reporters.JUnitReportReporter -->
<testsuite hostname="Tarun" failures="0" tests="1" name="com.crm.qa.testcases.CompleteAssignmentTest" time="180.297" errors="0" timestamp="2023-07-14T11:50:48 IST" skipped="0">
  <testcase classname="com.crm.qa.testcases.CompleteAssignmentTest" name="completeAssignmentTest" time="180.297"/>
  <system-out/>
</testsuite> <!-- com.crm.qa.testcases.CompleteAssignmentTest -->
