<?xml version="1.0" encoding="UTF-8"?>
<!-- Generated by org.testng.reporters.JUnitReportReporter -->
<testsuite hostname="Tarun" failures="0" tests="1" name="com.crm.qa.testcases.MyNetworkPageFreeTest" time="70.888" errors="0" timestamp="2023-07-03T17:09:48 IST" skipped="0">
  <testcase classname="com.crm.qa.testcases.MyNetworkPageFreeTest" name="myNetworkPageFreeTest" time="70.888"/>
  <system-out/>
</testsuite> <!-- com.crm.qa.testcases.MyNetworkPageFreeTest -->
