<?xml version="1.0" encoding="UTF-8"?>
<!-- Generated by org.testng.reporters.JUnitReportReporter -->
<testsuite hostname="Tarun" failures="0" tests="3" name="com.crm.qa.testcases.HomePageTest" time="128.558" errors="0" timestamp="2023-07-14T11:38:37 IST" skipped="0">
  <testcase classname="com.crm.qa.testcases.HomePageTest" name="homePageTitleTest" time="45.532"/>
  <system-out/>
  <testcase classname="com.crm.qa.testcases.HomePageTest" name="verifyImageLogoTest" time="45.135"/>
  <system-out/>
  <testcase classname="com.crm.qa.testcases.HomePageTest" name="clickMyAssignmentsLinkTest" time="37.891"/>
  <system-out/>
</testsuite> <!-- com.crm.qa.testcases.HomePageTest -->
