<?xml version="1.0" encoding="UTF-8"?>
<!-- Generated by org.testng.reporters.JUnitReportReporter -->
<testsuite hostname="Tarun" failures="0" tests="1" name="com.crm.qa.testcases.BusinessesPageFreeTest" time="77.897" errors="0" timestamp="2023-07-06T17:58:34 IST" skipped="0">
  <testcase classname="com.crm.qa.testcases.BusinessesPageFreeTest" name="businessesPageFree" time="77.897"/>
  <system-out/>
</testsuite> <!-- com.crm.qa.testcases.BusinessesPageFreeTest -->
