<?xml version="1.0" encoding="UTF-8"?>
<!-- Generated by org.testng.reporters.JUnitReportReporter -->
<testsuite hostname="Tarun" failures="0" tests="1" name="com.crm.qa.testcases.EntrepreneursPageFreeTest" time="123.679" errors="0" timestamp="2023-07-06T16:40:26 IST" skipped="0">
  <testcase classname="com.crm.qa.testcases.EntrepreneursPageFreeTest" name="entrepreneurPageFilter" time="123.679"/>
  <system-out/>
</testsuite> <!-- com.crm.qa.testcases.EntrepreneursPageFreeTest -->
