<?xml version="1.0" encoding="UTF-8"?>
<!-- Generated by org.testng.reporters.JUnitReportReporter -->
<testsuite hostname="NO-002-QA" failures="0" tests="1" name="com.crm.qa.testcases.MatchPageAdminTest" time="51.121" errors="0" timestamp="2024-07-11T16:57:31 IST" skipped="0">
  <testcase classname="com.crm.qa.testcases.MatchPageAdminTest" name="match" time="51.121"/>
  <system-out/>
</testsuite> <!-- com.crm.qa.testcases.MatchPageAdminTest -->
