<?xml version="1.0" encoding="UTF-8"?>
<!-- Generated by org.testng.reporters.JUnitReportReporter -->
<testsuite hostname="NO-002-QA" failures="0" tests="2" name="com.crm.qa.testcases.HomePageTest" time="147.021" errors="0" timestamp="2024-08-20T16:16:23 IST" skipped="0">
  <testcase classname="com.crm.qa.testcases.HomePageTest" name="homePageTitleTest" time="82.827"/>
  <system-out/>
  <testcase classname="com.crm.qa.testcases.HomePageTest" name="myAssignmentsPage" time="64.194"/>
  <system-out/>
</testsuite> <!-- com.crm.qa.testcases.HomePageTest -->
