<?xml version="1.0" encoding="UTF-8"?>
<!-- Generated by org.testng.reporters.JUnitReportReporter -->
<testsuite hostname="Tarun" failures="0" tests="1" name="com.crm.qa.testcases.AddCommandPageTest" time="54.520" errors="0" timestamp="2023-07-14T11:40:15 IST" skipped="0">
  <testcase classname="com.crm.qa.testcases.AddCommandPageTest" name="uploadFileTest" time="54.520"/>
  <system-out/>
</testsuite> <!-- com.crm.qa.testcases.AddCommandPageTest -->
