<?xml version="1.0" encoding="UTF-8"?>
<!-- Generated by org.testng.reporters.JUnitReportReporter -->
<testsuite hostname="NO-002-QA" failures="0" tests="1" name="com.crm.qa.testcases.MyAssignmentsPageTest" time="129.857" errors="0" timestamp="2024-08-20T18:24:04 IST" skipped="0">
  <testcase classname="com.crm.qa.testcases.MyAssignmentsPageTest" name="myAssignmentsPageTest" time="129.857"/>
  <system-out/>
</testsuite> <!-- com.crm.qa.testcases.MyAssignmentsPageTest -->
