<?xml version="1.0" encoding="UTF-8"?>
<!-- Generated by org.testng.reporters.JUnitReportReporter -->
<testsuite hostname="NO-002-QA" failures="0" tests="1" name="com.crm.qa.testcases.MatchPageTest" time="237.408" errors="0" timestamp="2024-08-20T18:05:29 IST" skipped="0">
  <testcase classname="com.crm.qa.testcases.MatchPageTest" name="matchPage" time="237.408"/>
  <system-out/>
</testsuite> <!-- com.crm.qa.testcases.MatchPageTest -->
