<?xml version="1.0" encoding="UTF-8"?>
<!-- Generated by org.testng.reporters.JUnitReportReporter -->
<testsuite hostname="NO-002-QA" failures="0" tests="1" name="com.crm.qa.testcases.HomePageAdminTest" time="80.479" errors="0" timestamp="2024-08-20T16:02:49 IST" skipped="0">
  <testcase classname="com.crm.qa.testcases.HomePageAdminTest" name="test" time="80.479"/>
  <system-out/>
</testsuite> <!-- com.crm.qa.testcases.HomePageAdminTest -->
