<?xml version="1.0" encoding="UTF-8"?>
<!-- Generated by org.testng.reporters.JUnitReportReporter -->
<testsuite hostname="NO-002-QA" failures="0" tests="1" name="com.crm.qa.testcases.HomePageAdminTest" time="62.495" errors="0" timestamp="2024-07-11T17:46:36 IST" skipped="0">
  <testcase classname="com.crm.qa.testcases.HomePageAdminTest" name="test" time="62.495"/>
  <system-out/>
</testsuite> <!-- com.crm.qa.testcases.HomePageAdminTest -->
