<?xml version="1.0" encoding="UTF-8"?>
<!-- Generated by org.testng.reporters.JUnitReportReporter -->
<testsuite hostname="Tarun" failures="0" tests="1" name="com.crm.qa.testcases.HomePageFreeTest" time="51.165" errors="0" timestamp="2023-07-14T11:52:28 IST" skipped="0">
  <testcase classname="com.crm.qa.testcases.HomePageFreeTest" name="clickAssignmentLinkTest" time="51.165"/>
  <system-out/>
</testsuite> <!-- com.crm.qa.testcases.HomePageFreeTest -->
