<?xml version="1.0" encoding="UTF-8"?>
<!-- Generated by org.testng.reporters.JUnitReportReporter -->
<testsuite hostname="NO-002-QA" failures="0" tests="1" name="com.crm.qa.testcases.BusinessesPageFreeTest" time="137.288" errors="0" timestamp="2024-08-20T15:59:12 IST" skipped="0">
  <testcase classname="com.crm.qa.testcases.BusinessesPageFreeTest" name="businessesPageFree" time="137.288"/>
  <system-out/>
</testsuite> <!-- com.crm.qa.testcases.BusinessesPageFreeTest -->
