<?xml version="1.0" encoding="UTF-8"?>
<!-- Generated by org.testng.reporters.JUnitReportReporter -->
<testsuite hostname="NO-002-QA" failures="0" tests="1" name="com.crm.qa.testcases.AddCommandPageTest" time="97.297" errors="0" timestamp="2024-08-20T17:48:04 IST" skipped="0">
  <testcase classname="com.crm.qa.testcases.AddCommandPageTest" name="uploadFileTest" time="97.297"/>
  <system-out/>
</testsuite> <!-- com.crm.qa.testcases.AddCommandPageTest -->
