<?xml version="1.0" encoding="UTF-8"?>
<!-- Generated by org.testng.reporters.JUnitReportReporter -->
<testsuite hostname="Tarun" failures="0" tests="3" name="com.crm.qa.testcases.LoginPageTest" time="33.269" errors="0" timestamp="2023-07-14T11:36:08 IST" skipped="0">
  <testcase classname="com.crm.qa.testcases.LoginPageTest" name="loginPageTitleTest" time="8.567"/>
  <system-out/>
  <testcase classname="com.crm.qa.testcases.LoginPageTest" name="imageLogoTest" time="11.224"/>
  <system-out/>
  <testcase classname="com.crm.qa.testcases.LoginPageTest" name="loginTest" time="13.478"/>
  <system-out/>
</testsuite> <!-- com.crm.qa.testcases.LoginPageTest -->
