<?xml version="1.0" encoding="UTF-8"?>
<!-- Generated by org.testng.reporters.JUnitReportReporter -->
<testsuite hostname="Tarun" failures="0" tests="1" name="com.crm.qa.testcases.MyAssignmentsPageTest" time="79.258" errors="0" timestamp="2023-07-04T15:05:15 IST" skipped="0">
  <testcase classname="com.crm.qa.testcases.MyAssignmentsPageTest" name="myAssignmentsPageTest" time="79.258"/>
  <system-out/>
</testsuite> <!-- com.crm.qa.testcases.MyAssignmentsPageTest -->
