<?xml version="1.0" encoding="UTF-8"?>
<!-- Generated by org.testng.reporters.JUnitReportReporter -->
<testsuite hostname="NO-002-QA" failures="0" tests="1" name="com.crm.qa.testcases.HomePageFreeTest" time="55.685" errors="0" timestamp="2024-07-11T17:48:35 IST" skipped="0">
  <testcase classname="com.crm.qa.testcases.HomePageFreeTest" name="clickAssignmentLinkTest" time="55.685"/>
  <system-out/>
</testsuite> <!-- com.crm.qa.testcases.HomePageFreeTest -->
