<?xml version="1.0" encoding="UTF-8"?>
<!-- Generated by org.testng.reporters.JUnitReportReporter -->
<testsuite hostname="Tarun" failures="0" tests="1" name="com.crm.qa.testcases.StorePageFreeTest" time="221.717" errors="0" timestamp="2023-07-07T11:54:37 IST" skipped="0">
  <testcase classname="com.crm.qa.testcases.StorePageFreeTest" name="clickStoreTab" time="221.717"/>
  <system-out/>
</testsuite> <!-- com.crm.qa.testcases.StorePageFreeTest -->
