<?xml version="1.0" encoding="UTF-8"?>
<!-- Generated by org.testng.reporters.JUnitReportReporter -->
<testsuite hostname="Tarun" failures="0" tests="1" name="com.crm.qa.testcases.AssignmentsPageFreeTest" time="246.800" errors="0" timestamp="2023-07-14T11:59:00 IST" skipped="0">
  <testcase classname="com.crm.qa.testcases.AssignmentsPageFreeTest" name="clickFiltersTest" time="246.800"/>
  <system-out/>
</testsuite> <!-- com.crm.qa.testcases.AssignmentsPageFreeTest -->
