<?xml version="1.0" encoding="UTF-8"?>
<!-- Generated by org.testng.reporters.JUnitReportReporter -->
<testsuite hostname="Tarun" failures="0" tests="1" name="com.crm.qa.testcases.CheckCommandPageTest" time="61.551" errors="0" timestamp="2023-07-14T11:46:25 IST" skipped="0">
  <testcase classname="com.crm.qa.testcases.CheckCommandPageTest" name="checkCommandPageTest" time="61.551"/>
  <system-out/>
</testsuite> <!-- com.crm.qa.testcases.CheckCommandPageTest -->
