<?xml version="1.0" encoding="UTF-8"?>
<!-- Generated by org.testng.reporters.JUnitReportReporter -->
<testsuite hostname="NO-002-QA" failures="0" tests="1" name="com.crm.qa.testcases.HomePageFreeTest" time="30.956" errors="0" timestamp="2024-07-11T16:35:36 IST" skipped="0">
  <testcase classname="com.crm.qa.testcases.HomePageFreeTest" name="clickAssignmentLinkTest" time="30.956"/>
  <system-out/>
</testsuite> <!-- com.crm.qa.testcases.HomePageFreeTest -->
